Graph 1 
h = 7
1  2  3  4  5  1  6  7  2  5  
diameter = 5

Graph 2 
h = 8
1  2  3  4  5  6  1  2  7  8  
diameter = 4

Graph 3 
h = 7
1  2  3  4  5  6  1  4  3  7  
diameter = 4

Graph 4 
h = 7
1  2  3  4  5  5  1  6  7  2  
diameter = 3

Graph 5 
h = 7
1  2  3  4  4  5  6  7  1  2  
diameter = 3

Graph 6 
h = 7
1  2  3  4  5  6  2  3  4  7  
diameter = 3

Graph 7 
h = 7
1  2  3  4  5  4  6  1  2  7  
diameter = 3

Graph 8 
h = 7
1  2  3  4  5  4  2  1  6  7  
diameter = 3

Graph 9 
h = 8
1  2  3  4  5  4  6  7  2  8  
diameter = 3

Graph 10 
h = 9
1  2  3  4  5  6  7  2  8  9  
diameter = 3

Graph 11 
h = 7
1  2  3  4  5  6  3  2  1  7  
diameter = 3

Graph 12 
h = 7
1  2  3  4  5  6  3  5  7  1  
diameter = 3

Graph 13 
h = 8
1  2  3  4  5  5  6  7  1  8  
diameter = 3

Graph 14 
h = 7
1  2  3  4  4  5  6  7  5  1  
diameter = 3

Graph 15 
h = 7
1  2  3  4  4  5  2  6  7  1  
diameter = 3

Graph 16 
h = 8
1  2  3  4  4  5  2  6  7  8  
diameter = 3

Graph 17 
h = 8
1  2  3  4  4  5  2  6  7  8  
diameter = 3

Graph 18 
h = 8
1  2  3  4  5  6  7  8  5  1  
diameter = 3

Graph 19 
h = 10
1  2  3  4  5  6  7  8  9  10  
diameter = 2

