Graph 1:
1: 0 2 3 4 
2: 0 1 3 4 
3: 0 1 2 5 
4: 0 1 2 5 
5: 0 3 4 6 
6: 0 5 7 8 
7: 0 6 8 9 
8: 0 6 7 10 
9: 0 7 11 12 
10: 0 8 11 12 
11: 0 9 10 12 
12: 0 9 10 11 

8 Colorare: 1  2  3  4  5  6  1  7  8  3  4  6  

Graph 2:
1: 0 2 3 4 
2: 0 1 3 4 
3: 0 1 2 5 
4: 0 1 2 5 
5: 0 3 4 6 
6: 0 5 7 8 
7: 0 6 9 10 
8: 0 6 9 11 
9: 0 7 8 12 
10: 0 7 11 12 
11: 0 8 10 12 
12: 0 9 10 11 

8 Colorare: 1  2  3  4  5  1  6  7  2  3  4  8  

Graph 3:
1: 0 2 3 4 
2: 0 1 3 4 
3: 0 1 2 5 
4: 0 1 2 5 
5: 0 3 4 6 
6: 0 5 7 8 
7: 0 6 9 10 
8: 0 6 11 12 
9: 0 7 10 11 
10: 0 7 9 12 
11: 0 8 9 12 
12: 0 8 10 11 

8 Colorare: 1  2  3  4  5  6  1  3  5  7  8  4  

Graph 4:
1: 0 2 3 4 
2: 0 1 3 4 
3: 0 1 2 5 
4: 0 1 2 5 
5: 0 3 4 6 
6: 0 5 7 8 
7: 0 6 9 10 
8: 0 6 11 12 
9: 0 7 11 12 
10: 0 7 11 12 
11: 0 8 9 10 
12: 0 8 9 10 

9 Colorare: 1  2  3  4  5  1  6  7  2  3  8  9  

Graph 5:
1: 0 2 3 4 
2: 0 1 3 4 
3: 0 1 2 5 
4: 0 1 2 6 
5: 0 3 6 7 
6: 0 4 5 8 
7: 0 5 8 9 
8: 0 6 7 10 
9: 0 7 11 12 
10: 0 8 11 12 
11: 0 9 10 12 
12: 0 9 10 11 

8 Colorare: 1  2  3  4  5  6  1  7  6  4  3  8  

Graph 6:
1: 0 2 3 4 
2: 0 1 3 4 
3: 0 1 2 5 
4: 0 1 2 6 
5: 0 3 6 7 
6: 0 4 5 8 
7: 0 5 9 10 
8: 0 6 9 11 
9: 0 7 8 12 
10: 0 7 11 12 
11: 0 8 10 12 
12: 0 9 10 11 

8 Colorare: 1  2  3  4  5  6  1  2  7  6  8  3  

Graph 7:
1: 0 2 3 4 
2: 0 1 3 4 
3: 0 1 2 5 
4: 0 1 2 6 
5: 0 3 6 7 
6: 0 4 5 8 
7: 0 5 9 10 
8: 0 6 11 12 
9: 0 7 10 11 
10: 0 7 9 12 
11: 0 8 9 12 
12: 0 8 10 11 

8 Colorare: 1  2  3  4  5  6  1  2  6  7  8  5  

Graph 8:
1: 0 2 3 4 
2: 0 1 3 4 
3: 0 1 2 5 
4: 0 1 2 6 
5: 0 3 6 7 
6: 0 4 5 8 
7: 0 5 9 10 
8: 0 6 11 12 
9: 0 7 11 12 
10: 0 7 11 12 
11: 0 8 9 10 
12: 0 8 9 10 

8 Colorare: 1  2  3  4  5  6  1  7  6  8  2  3  

Graph 9:
1: 0 2 3 4 
2: 0 1 3 4 
3: 0 1 2 5 
4: 0 1 2 6 
5: 0 3 7 8 
6: 0 4 7 8 
7: 0 5 6 9 
8: 0 5 6 10 
9: 0 7 11 12 
10: 0 8 11 12 
11: 0 9 10 12 
12: 0 9 10 11 

8 Colorare: 1  2  3  4  4  5  6  7  1  2  5  8  

Graph 10:
1: 0 2 3 4 
2: 0 1 3 4 
3: 0 1 2 5 
4: 0 1 2 6 
5: 0 3 7 8 
6: 0 4 7 9 
7: 0 5 6 8 
8: 0 5 7 10 
9: 0 6 11 12 
10: 0 8 11 12 
11: 0 9 10 12 
12: 0 9 10 11 

8 Colorare: 1  2  3  4  4  5  6  7  1  2  6  8  

Graph 11:
1: 0 2 3 4 
2: 0 1 3 4 
3: 0 1 2 5 
4: 0 1 2 6 
5: 0 3 7 8 
6: 0 4 7 9 
7: 0 5 6 10 
8: 0 5 9 11 
9: 0 6 8 12 
10: 0 7 11 12 
11: 0 8 10 12 
12: 0 9 10 11 

8 Colorare: 1  2  3  4  4  5  6  7  1  2  5  8  

Graph 12:
1: 0 2 3 4 
2: 0 1 3 4 
3: 0 1 2 5 
4: 0 1 2 6 
5: 0 3 7 8 
6: 0 4 7 9 
7: 0 5 6 10 
8: 0 5 10 11 
9: 0 6 11 12 
10: 0 7 8 12 
11: 0 8 9 12 
12: 0 9 10 11 

8 Colorare: 1  2  3  4  4  5  6  7  1  2  6  8  

Graph 13:
1: 0 2 3 4 
2: 0 1 3 4 
3: 0 1 2 5 
4: 0 1 2 6 
5: 0 3 7 8 
6: 0 4 7 9 
7: 0 5 6 10 
8: 0 5 11 12 
9: 0 6 11 12 
10: 0 7 11 12 
11: 0 8 9 10 
12: 0 8 9 10 

8 Colorare: 1  2  3  4  5  6  1  6  7  8  2  3  

Graph 14:
1: 0 2 3 4 
2: 0 1 3 4 
3: 0 1 2 5 
4: 0 1 2 6 
5: 0 3 7 8 
6: 0 4 9 10 
7: 0 5 8 9 
8: 0 5 7 11 
9: 0 6 7 12 
10: 0 6 11 12 
11: 0 8 10 12 
12: 0 9 10 11 

8 Colorare: 1  2  3  4  4  5  6  7  1  6  2  8  

Graph 15:
1: 0 2 3 4 
2: 0 1 3 4 
3: 0 1 2 5 
4: 0 1 2 6 
5: 0 3 7 8 
6: 0 4 9 10 
7: 0 5 8 11 
8: 0 5 7 11 
9: 0 6 10 12 
10: 0 6 9 12 
11: 0 7 8 12 
12: 0 9 10 11 

8 Colorare: 1  2  3  4  4  5  6  7  1  6  2  8  

Graph 16:
1: 0 2 3 4 
2: 0 1 3 4 
3: 0 1 2 5 
4: 0 1 2 6 
5: 0 3 7 8 
6: 0 4 9 10 
7: 0 5 8 11 
8: 0 5 7 12 
9: 0 6 10 11 
10: 0 6 9 12 
11: 0 7 9 12 
12: 0 8 10 11 

8 Colorare: 1  2  3  4  4  5  6  7  1  6  8  2  

Graph 17:
1: 0 2 3 4 
2: 0 1 3 4 
3: 0 1 2 5 
4: 0 1 2 6 
5: 0 3 7 8 
6: 0 4 9 10 
7: 0 5 8 11 
8: 0 5 7 12 
9: 0 6 11 12 
10: 0 6 11 12 
11: 0 7 9 10 
12: 0 8 9 10 

8 Colorare: 1  2  3  4  5  6  1  6  2  3  7  8  

Graph 18:
1: 0 2 3 4 
2: 0 1 3 4 
3: 0 1 2 5 
4: 0 1 2 6 
5: 0 3 7 8 
6: 0 4 9 10 
7: 0 5 9 10 
8: 0 5 11 12 
9: 0 6 7 11 
10: 0 6 7 12 
11: 0 8 9 12 
12: 0 8 10 11 

8 Colorare: 1  2  3  4  5  5  1  6  7  8  3  4  

Graph 19:
1: 0 2 3 4 
2: 0 1 3 4 
3: 0 1 2 5 
4: 0 1 2 6 
5: 0 3 7 8 
6: 0 4 9 10 
7: 0 5 9 11 
8: 0 5 10 11 
9: 0 6 7 12 
10: 0 6 8 12 
11: 0 7 8 12 
12: 0 9 10 11 

8 Colorare: 1  2  3  4  4  5  6  7  1  2  3  8  

Graph 20:
1: 0 2 3 4 
2: 0 1 3 4 
3: 0 1 2 5 
4: 0 1 2 6 
5: 0 3 7 8 
6: 0 4 9 10 
7: 0 5 9 11 
8: 0 5 10 12 
9: 0 6 7 11 
10: 0 6 8 12 
11: 0 7 9 12 
12: 0 8 10 11 

8 Colorare: 1  2  3  4  4  5  6  7  1  6  8  2  

Graph 21:
1: 0 2 3 4 
2: 0 1 3 4 
3: 0 1 2 5 
4: 0 1 2 6 
5: 0 3 7 8 
6: 0 4 9 10 
7: 0 5 9 11 
8: 0 5 10 12 
9: 0 6 7 12 
10: 0 6 8 11 
11: 0 7 10 12 
12: 0 8 9 11 

8 Colorare: 1  2  3  4  5  5  1  6  7  2  8  3  

Graph 22:
1: 0 2 3 4 
2: 0 1 3 4 
3: 0 1 2 5 
4: 0 1 2 6 
5: 0 3 7 8 
6: 0 4 9 10 
7: 0 5 9 11 
8: 0 5 11 12 
9: 0 6 7 12 
10: 0 6 11 12 
11: 0 7 8 10 
12: 0 8 9 10 

8 Colorare: 1  2  3  4  5  6  4  1  3  2  7  8  

Graph 23:
1: 0 2 3 4 
2: 0 1 3 5 
3: 0 1 2 6 
4: 0 1 5 6 
5: 0 2 4 7 
6: 0 3 4 8 
7: 0 5 9 10 
8: 0 6 9 11 
9: 0 7 8 12 
10: 0 7 11 12 
11: 0 8 10 12 
12: 0 9 10 11 

8 Colorare: 1  2  3  4  5  6  1  2  7  6  8  5  

Graph 24:
1: 0 2 3 4 
2: 0 1 3 5 
3: 0 1 2 6 
4: 0 1 5 6 
5: 0 2 4 7 
6: 0 3 4 8 
7: 0 5 9 10 
8: 0 6 11 12 
9: 0 7 10 11 
10: 0 7 9 12 
11: 0 8 9 12 
12: 0 8 10 11 

8 Colorare: 1  2  3  4  5  6  1  2  6  7  8  4  

Graph 25:
1: 0 2 3 4 
2: 0 1 3 5 
3: 0 1 2 6 
4: 0 1 5 6 
5: 0 2 4 7 
6: 0 3 4 8 
7: 0 5 9 10 
8: 0 6 11 12 
9: 0 7 11 12 
10: 0 7 11 12 
11: 0 8 9 10 
12: 0 8 9 10 

8 Colorare: 1  2  3  4  5  6  1  7  6  8  2  5  

Graph 26:
1: 0 2 3 4 
2: 0 1 3 5 
3: 0 1 2 6 
4: 0 1 5 7 
5: 0 2 4 7 
6: 0 3 8 9 
7: 0 4 5 10 
8: 0 6 9 11 
9: 0 6 8 12 
10: 0 7 11 12 
11: 0 8 10 12 
12: 0 9 10 11 

8 Colorare: 1  2  3  4  5  4  6  2  7  1  8  5  

Graph 27:
1: 0 2 3 4 
2: 0 1 3 5 
3: 0 1 2 6 
4: 0 1 5 7 
5: 0 2 4 7 
6: 0 3 8 9 
7: 0 4 5 10 
8: 0 6 11 12 
9: 0 6 11 12 
10: 0 7 11 12 
11: 0 8 9 10 
12: 0 8 9 10 

8 Colorare: 1  2  3  4  5  6  7  4  7  8  2  3  

Graph 28:
1: 0 2 3 4 
2: 0 1 3 5 
3: 0 1 2 6 
4: 0 1 5 7 
5: 0 2 4 8 
6: 0 3 7 9 
7: 0 4 6 10 
8: 0 5 9 11 
9: 0 6 8 12 
10: 0 7 11 12 
11: 0 8 10 12 
12: 0 9 10 11 

8 Colorare: 1  2  3  4  5  5  6  1  7  2  8  4  

Graph 29:
1: 0 2 3 4 
2: 0 1 3 5 
3: 0 1 2 6 
4: 0 1 5 7 
5: 0 2 4 8 
6: 0 3 7 9 
7: 0 4 6 10 
8: 0 5 10 11 
9: 0 6 11 12 
10: 0 7 8 12 
11: 0 8 9 12 
12: 0 9 10 11 

8 Colorare: 1  2  3  4  5  5  6  1  7  8  6  2  

Graph 30:
1: 0 2 3 4 
2: 0 1 3 5 
3: 0 1 2 6 
4: 0 1 5 7 
5: 0 2 4 8 
6: 0 3 7 9 
7: 0 4 6 10 
8: 0 5 11 12 
9: 0 6 10 11 
10: 0 7 9 12 
11: 0 8 9 12 
12: 0 8 10 11 

8 Colorare: 1  2  3  4  5  5  6  1  7  2  6  8  

Graph 31:
1: 0 2 3 4 
2: 0 1 3 5 
3: 0 1 2 6 
4: 0 1 5 7 
5: 0 2 4 8 
6: 0 3 7 9 
7: 0 4 6 10 
8: 0 5 11 12 
9: 0 6 11 12 
10: 0 7 11 12 
11: 0 8 9 10 
12: 0 8 9 10 

8 Colorare: 1  2  3  4  5  6  2  6  7  8  1  4  

Graph 32:
1: 0 2 3 4 
2: 0 1 3 5 
3: 0 1 2 6 
4: 0 1 5 7 
5: 0 2 4 8 
6: 0 3 9 10 
7: 0 4 8 11 
8: 0 5 7 12 
9: 0 6 10 11 
10: 0 6 9 12 
11: 0 7 9 12 
12: 0 8 10 11 

8 Colorare: 1  2  3  4  5  4  2  6  6  7  8  1  

Graph 33:
1: 0 2 3 4 
2: 0 1 3 5 
3: 0 1 2 6 
4: 0 1 5 7 
5: 0 2 4 8 
6: 0 3 9 10 
7: 0 4 8 11 
8: 0 5 7 12 
9: 0 6 11 12 
10: 0 6 11 12 
11: 0 7 9 10 
12: 0 8 9 10 

8 Colorare: 1  2  3  4  5  6  2  6  1  4  7  8  

Graph 34:
1: 0 2 3 4 
2: 0 1 3 5 
3: 0 1 2 6 
4: 0 1 5 7 
5: 0 2 4 8 
6: 0 3 9 10 
7: 0 4 9 10 
8: 0 5 11 12 
9: 0 6 7 11 
10: 0 6 7 12 
11: 0 8 9 12 
12: 0 8 10 11 

8 Colorare: 1  2  3  4  5  4  6  6  2  7  8  1  

Graph 35:
1: 0 2 3 4 
2: 0 1 3 5 
3: 0 1 2 6 
4: 0 1 5 7 
5: 0 2 4 8 
6: 0 3 9 10 
7: 0 4 9 11 
8: 0 5 9 12 
9: 0 6 7 8 
10: 0 6 11 12 
11: 0 7 10 12 
12: 0 8 10 11 

8 Colorare: 1  2  3  4  5  4  6  7  2  8  5  1  

Graph 36:
1: 0 2 3 4 
2: 0 1 3 5 
3: 0 1 2 6 
4: 0 1 5 7 
5: 0 2 4 8 
6: 0 3 9 10 
7: 0 4 9 11 
8: 0 5 10 11 
9: 0 6 7 12 
10: 0 6 8 12 
11: 0 7 8 12 
12: 0 9 10 11 

8 Colorare: 1  2  3  4  5  4  2  1  6  7  8  3  

Graph 37:
1: 0 2 3 4 
2: 0 1 3 5 
3: 0 1 2 6 
4: 0 1 5 7 
5: 0 2 4 8 
6: 0 3 9 10 
7: 0 4 9 11 
8: 0 5 10 12 
9: 0 6 7 11 
10: 0 6 8 12 
11: 0 7 9 12 
12: 0 8 10 11 

8 Colorare: 1  2  3  4  5  4  2  6  6  7  8  1  

Graph 38:
1: 0 2 3 4 
2: 0 1 3 5 
3: 0 1 2 6 
4: 0 1 5 7 
5: 0 2 4 8 
6: 0 3 9 10 
7: 0 4 9 11 
8: 0 5 10 12 
9: 0 6 7 12 
10: 0 6 8 11 
11: 0 7 10 12 
12: 0 8 9 11 

8 Colorare: 1  2  3  4  5  4  6  1  2  7  3  8  

Graph 39:
1: 0 2 3 4 
2: 0 1 3 5 
3: 0 1 2 6 
4: 0 1 5 7 
5: 0 2 4 8 
6: 0 3 9 10 
7: 0 4 9 11 
8: 0 5 11 12 
9: 0 6 7 10 
10: 0 6 9 12 
11: 0 7 8 12 
12: 0 8 10 11 

8 Colorare: 1  2  3  4  5  4  2  6  6  7  8  1  

Graph 40:
1: 0 2 3 4 
2: 0 1 3 5 
3: 0 1 2 6 
4: 0 1 5 7 
5: 0 2 4 8 
6: 0 3 9 10 
7: 0 4 9 11 
8: 0 5 11 12 
9: 0 6 7 12 
10: 0 6 11 12 
11: 0 7 8 10 
12: 0 8 9 10 

8 Colorare: 1  2  3  4  5  6  3  1  5  2  7  8  

Graph 41:
1: 0 2 3 4 
2: 0 1 3 5 
3: 0 1 2 6 
4: 0 1 5 7 
5: 0 2 4 8 
6: 0 3 9 10 
7: 0 4 11 12 
8: 0 5 11 12 
9: 0 6 10 11 
10: 0 6 9 12 
11: 0 7 8 9 
12: 0 7 8 10 

8 Colorare: 1  2  3  4  5  6  2  3  1  5  7  8  

Graph 42:
1: 0 2 3 4 
2: 0 1 3 5 
3: 0 1 2 6 
4: 0 1 7 8 
5: 0 2 7 8 
6: 0 3 9 10 
7: 0 4 5 11 
8: 0 4 5 12 
9: 0 6 11 12 
10: 0 6 11 12 
11: 0 7 9 10 
12: 0 8 9 10 

8 Colorare: 1  2  3  4  5  4  6  7  5  8  1  3  

Graph 43:
1: 0 2 3 4 
2: 0 1 3 5 
3: 0 1 2 6 
4: 0 1 7 8 
5: 0 2 7 9 
6: 0 3 7 10 
7: 0 4 5 6 
8: 0 4 11 12 
9: 0 5 11 12 
10: 0 6 11 12 
11: 0 8 9 10 
12: 0 8 9 10 

8 Colorare: 1  2  3  4  5  6  7  2  3  1  7  8  

Graph 44:
1: 0 2 3 4 
2: 0 1 3 5 
3: 0 1 2 6 
4: 0 1 7 8 
5: 0 2 7 9 
6: 0 3 8 9 
7: 0 4 5 10 
8: 0 4 6 11 
9: 0 5 6 12 
10: 0 7 11 12 
11: 0 8 10 12 
12: 0 9 10 11 

9 Colorare: 1  2  3  4  5  6  3  2  1  7  8  9  

Graph 45:
1: 0 2 3 4 
2: 0 1 3 5 
3: 0 1 2 6 
4: 0 1 7 8 
5: 0 2 7 9 
6: 0 3 8 10 
7: 0 4 5 10 
8: 0 4 6 11 
9: 0 5 11 12 
10: 0 6 7 12 
11: 0 8 9 12 
12: 0 9 10 11 

8 Colorare: 1  2  3  4  5  5  6  7  4  1  2  8  

Graph 46:
1: 0 2 3 4 
2: 0 1 3 5 
3: 0 1 2 6 
4: 0 1 7 8 
5: 0 2 7 9 
6: 0 3 8 10 
7: 0 4 5 11 
8: 0 4 6 11 
9: 0 5 10 12 
10: 0 6 9 12 
11: 0 7 8 12 
12: 0 9 10 11 

8 Colorare: 1  2  3  4  5  6  3  5  7  2  8  4  

Graph 47:
1: 0 2 3 4 
2: 0 1 3 5 
3: 0 1 2 6 
4: 0 1 7 8 
5: 0 2 7 9 
6: 0 3 8 10 
7: 0 4 5 11 
8: 0 4 6 12 
9: 0 5 10 11 
10: 0 6 9 12 
11: 0 7 9 12 
12: 0 8 10 11 

8 Colorare: 1  2  3  4  5  6  6  7  7  1  2  8  

Graph 48:
1: 0 2 3 4 
2: 0 1 3 5 
3: 0 1 2 6 
4: 0 1 7 8 
5: 0 2 7 9 
6: 0 3 8 10 
7: 0 4 5 11 
8: 0 4 6 12 
9: 0 5 10 12 
10: 0 6 9 11 
11: 0 7 10 12 
12: 0 8 9 11 

8 Colorare: 1  2  3  4  5  6  3  5  7  2  8  1  

Graph 49:
1: 0 2 3 4 
2: 0 1 3 5 
3: 0 1 2 6 
4: 0 1 7 8 
5: 0 2 7 9 
6: 0 3 8 10 
7: 0 4 5 11 
8: 0 4 6 12 
9: 0 5 11 12 
10: 0 6 11 12 
11: 0 7 9 10 
12: 0 8 9 10 

8 Colorare: 1  2  3  4  5  5  6  7  4  8  2  3  

Graph 50:
1: 0 2 3 4 
2: 0 1 3 5 
3: 0 1 2 6 
4: 0 1 7 8 
5: 0 2 7 9 
6: 0 3 10 11 
7: 0 4 5 8 
8: 0 4 7 12 
9: 0 5 10 11 
10: 0 6 9 12 
11: 0 6 9 12 
12: 0 8 10 11 

8 Colorare: 1  2  3  4  5  5  6  2  7  1  4  8  

Graph 51:
1: 0 2 3 4 
2: 0 1 3 5 
3: 0 1 2 6 
4: 0 1 7 8 
5: 0 2 7 9 
6: 0 3 10 11 
7: 0 4 5 10 
8: 0 4 9 11 
9: 0 5 8 12 
10: 0 6 7 12 
11: 0 6 8 12 
12: 0 9 10 11 

8 Colorare: 1  2  3  4  5  4  6  7  1  2  5  8  

Graph 52:
1: 0 2 3 4 
2: 0 1 3 5 
3: 0 1 2 6 
4: 0 1 7 8 
5: 0 2 7 9 
6: 0 3 10 11 
7: 0 4 5 10 
8: 0 4 9 12 
9: 0 5 8 12 
10: 0 6 7 11 
11: 0 6 10 12 
12: 0 8 9 11 

8 Colorare: 1  2  3  4  5  4  6  7  1  2  8  6  

Graph 53:
1: 0 2 3 4 
2: 0 1 3 5 
3: 0 1 2 6 
4: 0 1 7 8 
5: 0 2 7 9 
6: 0 3 10 11 
7: 0 4 5 10 
8: 0 4 10 12 
9: 0 5 11 12 
10: 0 6 7 8 
11: 0 6 9 12 
12: 0 8 9 11 

8 Colorare: 1  2  3  4  5  4  6  2  1  7  8  6  

Graph 54:
1: 0 2 3 4 
2: 0 1 3 5 
3: 0 1 2 6 
4: 0 1 7 8 
5: 0 2 7 9 
6: 0 3 10 11 
7: 0 4 5 10 
8: 0 4 11 12 
9: 0 5 11 12 
10: 0 6 7 12 
11: 0 6 8 9 
12: 0 8 9 10 

8 Colorare: 1  2  3  4  5  4  6  5  1  2  7  8  

Graph 55:
1: 0 2 3 4 
2: 0 1 3 5 
3: 0 1 2 6 
4: 0 1 7 8 
5: 0 2 7 9 
6: 0 3 10 11 
7: 0 4 5 12 
8: 0 4 9 10 
9: 0 5 8 11 
10: 0 6 8 12 
11: 0 6 9 12 
12: 0 7 10 11 

8 Colorare: 1  2  3  4  5  4  6  7  1  5  8  3  

Graph 56:
1: 0 2 3 4 
2: 0 1 3 5 
3: 0 1 2 6 
4: 0 1 7 8 
5: 0 2 7 9 
6: 0 3 10 11 
7: 0 4 5 12 
8: 0 4 9 10 
9: 0 5 8 12 
10: 0 6 8 11 
11: 0 6 10 12 
12: 0 7 9 11 

8 Colorare: 1  2  3  4  5  4  6  2  7  8  5  1  

Graph 57:
1: 0 2 3 4 
2: 0 1 3 5 
3: 0 1 2 6 
4: 0 1 7 8 
5: 0 2 7 9 
6: 0 3 10 11 
7: 0 4 5 12 
8: 0 4 10 11 
9: 0 5 10 12 
10: 0 6 8 9 
11: 0 6 8 12 
12: 0 7 9 11 

8 Colorare: 1  2  3  4  5  4  6  7  8  2  5  1  

Graph 58:
1: 0 2 3 4 
2: 0 1 3 5 
3: 0 1 2 6 
4: 0 1 7 8 
5: 0 2 7 9 
6: 0 3 10 11 
7: 0 4 5 12 
8: 0 4 10 12 
9: 0 5 11 12 
10: 0 6 8 11 
11: 0 6 9 10 
12: 0 7 8 9 

8 Colorare: 1  2  3  4  5  4  6  5  7  8  2  1  

Graph 59:
1: 0 2 3 4 
2: 0 1 3 5 
3: 0 1 2 6 
4: 0 1 7 8 
5: 0 2 9 10 
6: 0 3 11 12 
7: 0 4 8 9 
8: 0 4 7 11 
9: 0 5 7 10 
10: 0 5 9 12 
11: 0 6 8 12 
12: 0 6 10 11 

8 Colorare: 1  2  3  4  4  5  3  6  7  8  7  1  

Graph 60:
1: 0 2 3 4 
2: 0 1 3 5 
3: 0 1 2 6 
4: 0 1 7 8 
5: 0 2 9 10 
6: 0 3 11 12 
7: 0 4 8 9 
8: 0 4 7 11 
9: 0 5 7 12 
10: 0 5 11 12 
11: 0 6 8 10 
12: 0 6 9 10 

8 Colorare: 1  2  3  4  4  5  3  6  7  8  1  2  

Graph 61:
1: 0 2 3 4 
2: 0 1 3 5 
3: 0 1 2 6 
4: 0 1 7 8 
5: 0 2 9 10 
6: 0 3 11 12 
7: 0 4 9 10 
8: 0 4 11 12 
9: 0 5 7 11 
10: 0 5 7 12 
11: 0 6 8 9 
12: 0 6 8 10 

8 Colorare: 1  2  3  4  4  5  3  6  7  8  1  2  

Graph 62:
1: 0 2 3 4 
2: 0 1 3 5 
3: 0 1 2 6 
4: 0 1 7 8 
5: 0 2 9 10 
6: 0 3 11 12 
7: 0 4 9 11 
8: 0 4 10 12 
9: 0 5 7 11 
10: 0 5 8 12 
11: 0 6 7 9 
12: 0 6 8 10 

8 Colorare: 1  2  3  4  4  5  3  6  7  8  6  1  

Graph 63:
1: 0 2 3 4 
2: 0 1 3 5 
3: 0 1 2 6 
4: 0 1 7 8 
5: 0 2 9 10 
6: 0 3 11 12 
7: 0 4 9 11 
8: 0 4 10 12 
9: 0 5 7 12 
10: 0 5 8 11 
11: 0 6 7 10 
12: 0 6 8 9 

9 Colorare: 1  2  3  4  4  5  3  6  7  8  9  1  

Graph 64:
1: 0 2 3 4 
2: 0 1 5 6 
3: 0 1 5 6 
4: 0 1 5 7 
5: 0 2 3 4 
6: 0 2 3 8 
7: 0 4 9 10 
8: 0 6 11 12 
9: 0 7 11 12 
10: 0 7 11 12 
11: 0 8 9 10 
12: 0 8 9 10 

9 Colorare: 1  2  3  4  5  4  6  7  1  2  8  9  

Graph 65:
1: 0 2 3 4 
2: 0 1 5 6 
3: 0 1 5 6 
4: 0 1 7 8 
5: 0 2 3 7 
6: 0 2 3 9 
7: 0 4 5 10 
8: 0 4 11 12 
9: 0 6 11 12 
10: 0 7 11 12 
11: 0 8 9 10 
12: 0 8 9 10 

9 Colorare: 1  2  3  4  5  4  6  5  7  1  8  9  

Graph 66:
1: 0 2 3 4 
2: 0 1 5 6 
3: 0 1 5 6 
4: 0 1 7 8 
5: 0 2 3 9 
6: 0 2 3 10 
7: 0 4 9 11 
8: 0 4 10 11 
9: 0 5 7 12 
10: 0 6 8 12 
11: 0 7 8 12 
12: 0 9 10 11 

8 Colorare: 1  2  3  4  4  5  6  7  5  1  2  8  

Graph 67:
1: 0 2 3 4 
2: 0 1 5 6 
3: 0 1 5 6 
4: 0 1 7 8 
5: 0 2 3 9 
6: 0 2 3 10 
7: 0 4 9 11 
8: 0 4 10 12 
9: 0 5 7 12 
10: 0 6 8 11 
11: 0 7 10 12 
12: 0 8 9 11 

8 Colorare: 1  2  3  4  4  5  5  6  7  1  8  2  

Graph 68:
1: 0 2 3 4 
2: 0 1 5 6 
3: 0 1 5 7 
4: 0 1 6 8 
5: 0 2 3 9 
6: 0 2 4 10 
7: 0 3 8 11 
8: 0 4 7 12 
9: 0 5 10 11 
10: 0 6 9 12 
11: 0 7 9 12 
12: 0 8 10 11 

8 Colorare: 1  2  3  4  5  6  2  7  8  1  4  5  

Graph 69:
1: 0 2 3 4 
2: 0 1 5 6 
3: 0 1 5 7 
4: 0 1 6 8 
5: 0 2 3 9 
6: 0 2 4 10 
7: 0 3 8 11 
8: 0 4 7 12 
9: 0 5 10 12 
10: 0 6 9 11 
11: 0 7 10 12 
12: 0 8 9 11 

8 Colorare: 1  2  3  4  4  5  2  6  7  1  8  3  

Graph 70:
1: 0 2 3 4 
2: 0 1 5 6 
3: 0 1 5 7 
4: 0 1 6 8 
5: 0 2 3 9 
6: 0 2 4 10 
7: 0 3 8 11 
8: 0 4 7 12 
9: 0 5 11 12 
10: 0 6 11 12 
11: 0 7 9 10 
12: 0 8 9 10 

8 Colorare: 1  2  3  4  4  5  5  6  7  8  1  2  

Graph 71:
1: 0 2 3 4 
2: 0 1 5 6 
3: 0 1 5 7 
4: 0 1 6 8 
5: 0 2 3 9 
6: 0 2 4 10 
7: 0 3 9 11 
8: 0 4 10 11 
9: 0 5 7 12 
10: 0 6 8 12 
11: 0 7 8 12 
12: 0 9 10 11 

9 Colorare: 1  2  3  4  4  5  2  6  7  1  8  9  

Graph 72:
1: 0 2 3 4 
2: 0 1 5 6 
3: 0 1 5 7 
4: 0 1 6 8 
5: 0 2 3 9 
6: 0 2 4 10 
7: 0 3 9 11 
8: 0 4 10 12 
9: 0 5 7 12 
10: 0 6 8 11 
11: 0 7 10 12 
12: 0 8 9 11 

8 Colorare: 1  2  3  4  4  5  2  6  7  1  8  3  

Graph 73:
1: 0 2 3 4 
2: 0 1 5 6 
3: 0 1 5 7 
4: 0 1 6 8 
5: 0 2 3 9 
6: 0 2 4 10 
7: 0 3 9 11 
8: 0 4 11 12 
9: 0 5 7 12 
10: 0 6 11 12 
11: 0 7 8 10 
12: 0 8 9 10 

8 Colorare: 1  2  3  4  4  5  5  6  7  8  1  2  

Graph 74:
1: 0 2 3 4 
2: 0 1 5 6 
3: 0 1 5 7 
4: 0 1 6 8 
5: 0 2 3 9 
6: 0 2 4 10 
7: 0 3 10 11 
8: 0 4 9 11 
9: 0 5 8 12 
10: 0 6 7 12 
11: 0 7 8 12 
12: 0 9 10 11 

8 Colorare: 1  2  3  4  4  5  2  6  7  6  8  1  

Graph 75:
1: 0 2 3 4 
2: 0 1 5 6 
3: 0 1 5 7 
4: 0 1 6 8 
5: 0 2 3 9 
6: 0 2 4 10 
7: 0 3 10 11 
8: 0 4 11 12 
9: 0 5 11 12 
10: 0 6 7 12 
11: 0 7 8 9 
12: 0 8 9 10 

8 Colorare: 1  2  3  4  5  6  2  5  6  7  8  1  

Graph 76:
1: 0 2 3 4 
2: 0 1 5 6 
3: 0 1 5 7 
4: 0 1 8 9 
5: 0 2 3 8 
6: 0 2 7 10 
7: 0 3 6 11 
8: 0 4 5 12 
9: 0 4 10 11 
10: 0 6 9 12 
11: 0 7 9 12 
12: 0 8 10 11 

9 Colorare: 1  2  3  4  5  4  6  7  3  8  2  9  

Graph 77:
1: 0 2 3 4 
2: 0 1 5 6 
3: 0 1 5 7 
4: 0 1 8 9 
5: 0 2 3 8 
6: 0 2 9 10 
7: 0 3 10 11 
8: 0 4 5 12 
9: 0 4 6 11 
10: 0 6 7 12 
11: 0 7 9 12 
12: 0 8 10 11 

8 Colorare: 1  2  3  4  5  3  4  6  7  8  5  1  

Graph 78:
1: 0 2 3 4 
2: 0 1 5 6 
3: 0 1 5 7 
4: 0 1 8 9 
5: 0 2 3 8 
6: 0 2 10 11 
7: 0 3 10 11 
8: 0 4 5 12 
9: 0 4 10 12 
10: 0 6 7 9 
11: 0 6 7 12 
12: 0 8 9 11 

8 Colorare: 1  2  3  4  5  3  4  6  5  7  8  1  

Graph 79:
1: 0 2 3 4 
2: 0 1 5 6 
3: 0 1 5 7 
4: 0 1 8 9 
5: 0 2 3 10 
6: 0 2 8 11 
7: 0 3 8 12 
8: 0 4 6 7 
9: 0 4 10 11 
10: 0 5 9 12 
11: 0 6 9 12 
12: 0 7 10 11 

8 Colorare: 1  2  3  4  4  3  5  6  5  7  8  1  

Graph 80:
1: 0 2 3 4 
2: 0 1 5 6 
3: 0 1 5 7 
4: 0 1 8 9 
5: 0 2 3 10 
6: 0 2 8 11 
7: 0 3 8 12 
8: 0 4 6 7 
9: 0 4 11 12 
10: 0 5 11 12 
11: 0 6 9 10 
12: 0 7 9 10 

8 Colorare: 1  2  3  4  5  3  6  7  5  7  8  1  

Graph 81:
1: 0 2 3 4 
2: 0 1 5 6 
3: 0 1 5 7 
4: 0 1 8 9 
5: 0 2 3 10 
6: 0 2 8 11 
7: 0 3 9 12 
8: 0 4 6 12 
9: 0 4 7 11 
10: 0 5 11 12 
11: 0 6 9 10 
12: 0 7 8 10 

8 Colorare: 1  2  3  4  5  6  7  3  5  8  1  2  

Graph 82:
1: 0 2 3 4 
2: 0 1 5 6 
3: 0 1 5 7 
4: 0 1 8 9 
5: 0 2 3 10 
6: 0 2 8 11 
7: 0 3 11 12 
8: 0 4 6 12 
9: 0 4 10 11 
10: 0 5 9 12 
11: 0 6 7 9 
12: 0 7 8 10 

9 Colorare: 1  2  3  4  4  3  5  6  7  8  9  1  

Graph 83:
1: 0 2 3 4 
2: 0 1 5 6 
3: 0 1 5 7 
4: 0 1 8 9 
5: 0 2 3 10 
6: 0 2 11 12 
7: 0 3 11 12 
8: 0 4 10 11 
9: 0 4 10 12 
10: 0 5 8 9 
11: 0 6 7 8 
12: 0 6 7 9 

9 Colorare: 1  2  3  4  4  3  5  6  7  5  8  9  

Graph 84:
1: 0 2 3 4 
2: 0 1 5 6 
3: 0 1 7 8 
4: 0 1 9 10 
5: 0 2 7 9 
6: 0 2 8 10 
7: 0 3 5 11 
8: 0 3 6 12 
9: 0 4 5 12 
10: 0 4 6 11 
11: 0 7 10 12 
12: 0 8 9 11 

9 Colorare: 1  2  3  4  5  6  4  5  7  8  2  9  

Graph 85:
1: 0 2 3 4 
2: 0 1 5 6 
3: 0 1 7 8 
4: 0 1 9 10 
5: 0 2 7 9 
6: 0 2 8 11 
7: 0 3 5 12 
8: 0 3 6 10 
9: 0 4 5 11 
10: 0 4 8 12 
11: 0 6 9 12 
12: 0 7 10 11 

8 Colorare: 1  2  3  4  5  4  6  5  7  8  3  2  

