Graph 1:
h = 8
1  2  3  4  5  6  1  7  8  3  4  6  
diameter = 6

Graph 2:
h = 8
1  2  3  4  5  1  6  7  2  3  4  8  
diameter = 6

Graph 3:
h = 8
1  2  3  4  5  6  1  3  5  7  8  4  
diameter = 5

Graph 4:
h = 9
1  2  3  4  5  1  6  7  2  3  8  9  
diameter = 5

Graph 5:
h = 8
1  2  3  4  5  6  1  7  6  4  3  8  
diameter = 5

Graph 6:
h = 8
1  2  3  4  5  6  1  2  7  6  8  3  
diameter = 5

Graph 7:
h = 8
1  2  3  4  5  6  1  2  6  7  8  5  
diameter = 4

Graph 8:
h = 8
1  2  3  4  5  6  1  7  6  8  2  3  
diameter = 4

Graph 9:
h = 8
1  2  3  4  4  5  6  7  1  2  5  8  
diameter = 5

Graph 10:
h = 8
1  2  3  4  4  5  6  7  1  2  6  8  
diameter = 4

Graph 11:
h = 8
1  2  3  4  4  5  6  7  1  2  5  8  
diameter = 4

Graph 12:
h = 8
1  2  3  4  4  5  6  7  1  2  6  8  
diameter = 4

Graph 13:
h = 8
1  2  3  4  5  6  1  6  7  8  2  3  
diameter = 4

Graph 14:
h = 8
1  2  3  4  4  5  6  7  1  6  2  8  
diameter = 4

Graph 15:
h = 8
1  2  3  4  4  5  6  7  1  6  2  8  
diameter = 4

Graph 16:
h = 8
1  2  3  4  4  5  6  7  1  6  8  2  
diameter = 4

Graph 17:
h = 8
1  2  3  4  5  6  1  6  2  3  7  8  
diameter = 4

Graph 18:
h = 8
1  2  3  4  5  5  1  6  7  8  3  4  
diameter = 4

Graph 19:
h = 8
1  2  3  4  4  5  6  7  1  2  3  8  
diameter = 4

Graph 20:
h = 8
1  2  3  4  4  5  6  7  1  6  8  2  
diameter = 4

Graph 21:
h = 8
1  2  3  4  5  5  1  6  7  2  8  3  
diameter = 4

Graph 22:
h = 8
1  2  3  4  5  6  4  1  3  2  7  8  
diameter = 4

Graph 23:
h = 8
1  2  3  4  5  6  1  2  7  6  8  5  
diameter = 5

Graph 24:
h = 8
1  2  3  4  5  6  1  2  6  7  8  4  
diameter = 4

Graph 25:
h = 8
1  2  3  4  5  6  1  7  6  8  2  5  
diameter = 4

Graph 26:
h = 8
1  2  3  4  5  4  6  2  7  1  8  5  
diameter = 4

Graph 27:
h = 8
1  2  3  4  5  6  7  4  7  8  2  3  
diameter = 4

Graph 28:
h = 8
1  2  3  4  5  5  6  1  7  2  8  4  
diameter = 4

Graph 29:
h = 8
1  2  3  4  5  5  6  1  7  8  6  2  
diameter = 4

Graph 30:
h = 8
1  2  3  4  5  5  6  1  7  2  6  8  
diameter = 4

Graph 31:
h = 8
1  2  3  4  5  6  2  6  7  8  1  4  
diameter = 4

Graph 32:
h = 8
1  2  3  4  5  4  2  6  6  7  8  1  
diameter = 4

Graph 33:
h = 8
1  2  3  4  5  6  2  6  1  4  7  8  
diameter = 4

Graph 34:
h = 8
1  2  3  4  5  4  6  6  2  7  8  1  
diameter = 4

Graph 35:
h = 8
1  2  3  4  5  4  6  7  2  8  5  1  
diameter = 4

Graph 36:
h = 8
1  2  3  4  5  4  2  1  6  7  8  3  
diameter = 4

Graph 37:
h = 8
1  2  3  4  5  4  2  6  6  7  8  1  
diameter = 4

Graph 38:
h = 8
1  2  3  4  5  4  6  1  2  7  3  8  
diameter = 4

Graph 39:
h = 8
1  2  3  4  5  4  2  6  6  7  8  1  
diameter = 4

Graph 40:
h = 8
1  2  3  4  5  6  3  1  5  2  7  8  
diameter = 4

Graph 41:
h = 8
1  2  3  4  5  6  2  3  1  5  7  8  
diameter = 3

Graph 42:
h = 8
1  2  3  4  5  4  6  7  5  8  1  3  
diameter = 3

Graph 43:
h = 8
1  2  3  4  5  6  7  2  3  1  7  8  
diameter = 3

Graph 44:
h = 9
1  2  3  4  5  6  3  2  1  7  8  9  
diameter = 4

Graph 45:
h = 8
1  2  3  4  5  5  6  7  4  1  2  8  
diameter = 4

Graph 46:
h = 8
1  2  3  4  5  6  3  5  7  2  8  4  
diameter = 4

Graph 47:
h = 8
1  2  3  4  5  6  6  7  7  1  2  8  
diameter = 4

Graph 48:
h = 8
1  2  3  4  5  6  3  5  7  2  8  1  
diameter = 3

Graph 49:
h = 8
1  2  3  4  5  5  6  7  4  8  2  3  
diameter = 3

Graph 50:
h = 8
1  2  3  4  5  5  6  2  7  1  4  8  
diameter = 4

Graph 51:
h = 8
1  2  3  4  5  4  6  7  1  2  5  8  
diameter = 4

Graph 52:
h = 8
1  2  3  4  5  4  6  7  1  2  8  6  
diameter = 3

Graph 53:
h = 8
1  2  3  4  5  4  6  2  1  7  8  6  
diameter = 3

Graph 54:
h = 8
1  2  3  4  5  4  6  5  1  2  7  8  
diameter = 3

Graph 55:
h = 8
1  2  3  4  5  4  6  7  1  5  8  3  
diameter = 3

Graph 56:
h = 8
1  2  3  4  5  4  6  2  7  8  5  1  
diameter = 3

Graph 57:
h = 8
1  2  3  4  5  4  6  7  8  2  5  1  
diameter = 3

Graph 58:
h = 8
1  2  3  4  5  4  6  5  7  8  2  1  
diameter = 4

Graph 59:
h = 8
1  2  3  4  4  5  3  6  7  8  7  1  
diameter = 3

Graph 60:
h = 8
1  2  3  4  4  5  3  6  7  8  1  2  
diameter = 3

Graph 61:
h = 8
1  2  3  4  4  5  3  6  7  8  1  2  
diameter = 3

Graph 62:
h = 8
1  2  3  4  4  5  3  6  7  8  6  1  
diameter = 3

Graph 63:
h = 9
1  2  3  4  4  5  3  6  7  8  9  1  
diameter = 3

Graph 64:
h = 9
1  2  3  4  5  4  6  7  1  2  8  9  
diameter = 4

Graph 65:
h = 9
1  2  3  4  5  4  6  5  7  1  8  9  
diameter = 3

Graph 66:
h = 8
1  2  3  4  4  5  6  7  5  1  2  8  
diameter = 4

Graph 67:
h = 8
1  2  3  4  4  5  5  6  7  1  8  2  
diameter = 3

Graph 68:
h = 8
1  2  3  4  5  6  2  7  8  1  4  5  
diameter = 3

Graph 69:
h = 8
1  2  3  4  4  5  2  6  7  1  8  3  
diameter = 3

Graph 70:
h = 8
1  2  3  4  4  5  5  6  7  8  1  2  
diameter = 3

Graph 71:
h = 9
1  2  3  4  4  5  2  6  7  1  8  9  
diameter = 4

Graph 72:
h = 8
1  2  3  4  4  5  2  6  7  1  8  3  
diameter = 3

Graph 73:
h = 8
1  2  3  4  4  5  5  6  7  8  1  2  
diameter = 3

Graph 74:
h = 8
1  2  3  4  4  5  2  6  7  6  8  1  
diameter = 4

Graph 75:
h = 8
1  2  3  4  5  6  2  5  6  7  8  1  
diameter = 3

Graph 76:
h = 9
1  2  3  4  5  4  6  7  3  8  2  9  
diameter = 3

Graph 77:
h = 8
1  2  3  4  5  3  4  6  7  8  5  1  
diameter = 3

Graph 78:
h = 8
1  2  3  4  5  3  4  6  5  7  8  1  
diameter = 3

Graph 79:
h = 8
1  2  3  4  4  3  5  6  5  7  8  1  
diameter = 3

Graph 80:
h = 8
1  2  3  4  5  3  6  7  5  7  8  1  
diameter = 3

Graph 81:
h = 8
1  2  3  4  5  6  7  3  5  8  1  2  
diameter = 3

Graph 82:
h = 9
1  2  3  4  4  3  5  6  7  8  9  1  
diameter = 3

Graph 83:
h = 9
1  2  3  4  4  3  5  6  7  5  8  9  
diameter = 3

Graph 84:
h = 9
1  2  3  4  5  6  4  5  7  8  2  9  
diameter = 3

Graph 85:
h = 8
1  2  3  4  5  4  6  5  7  8  3  2  
diameter = 3

